# JRE version: Java(TM) SE Runtime Environment (8.0_131-b11) (build 1.8.0_131-b11)
# Java VM: Java HotSpot(TM) 64-Bit Server VM (25.131-b11 mixed mode windows-amd64 compressed oops)
Heap:
 PSYoungGen      total 85504K, used 42876K [0x00000000d5e00000, 0x00000000dd380000, 0x0000000100000000)
  eden space 73216K, 45% used [0x00000000d5e00000,0x00000000d7e50150,0x00000000da580000)
  from space 12288K, 79% used [0x00000000db280000,0x00000000dbc0f240,0x00000000dbe80000)
  to   space 13312K, 0% used [0x00000000da580000,0x00000000da580000,0x00000000db280000)
 ParOldGen       total 67072K, used 11336K [0x0000000081a00000, 0x0000000085b80000, 0x00000000d5e00000)
  object space 67072K, 16% used [0x0000000081a00000,0x0000000082512230,0x0000000085b80000)
 Metaspace       used 29751K, capacity 30104K, committed 30464K, reserved 1075200K
  class space    used 3658K, capacity 3779K, committed 3840K, reserved 1048576K
GC Heap History (10 events):
Event: 1.777 GC heap before
{Heap before GC invocations=3 (full 0):
 PSYoungGen      total 38400K, used 36344K [0x00000000d5e00000, 0x00000000da900000, 0x0000000100000000)
  eden space 33280K, 93% used [0x00000000d5e00000,0x00000000d7c80ea0,0x00000000d7e80000)
  from space 5120K, 99% used [0x00000000d8380000,0x00000000d887d4f0,0x00000000d8880000)
  to   space 5120K, 0% used [0x00000000d7e80000,0x00000000d7e80000,0x00000000d8380000)
 ParOldGen       total 87552K, used 6001K [0x0000000081a00000, 0x0000000086f80000, 0x00000000d5e00000)
  object space 87552K, 6% used [0x0000000081a00000,0x0000000081fdc730,0x0000000086f80000)
 Metaspace       used 20915K, capacity 21182K, committed 21296K, reserved 1069056K
  class space    used 2548K, capacity 2660K, committed 2688K, reserved 1048576K
Event: 1.793 GC heap after
Heap after GC invocations=3 (full 0):
 PSYoungGen      total 38400K, used 5120K [0x00000000d5e00000, 0x00000000da900000, 0x0000000100000000)
  eden space 33280K, 0% used [0x00000000d5e00000,0x00000000d5e00000,0x00000000d7e80000)
  from space 5120K, 100% used [0x00000000d7e80000,0x00000000d8380000,0x00000000d8380000)
  to   space 5120K, 0% used [0x00000000da400000,0x00000000da400000,0x00000000da900000)
 ParOldGen       total 87552K, used 9920K [0x0000000081a00000, 0x0000000086f80000, 0x00000000d5e00000)
  object space 87552K, 11% used [0x0000000081a00000,0x00000000823b0008,0x0000000086f80000)
 Metaspace       used 20915K, capacity 21182K, committed 21296K, reserved 1069056K
  class space    used 2548K, capacity 2660K, committed 2688K, reserved 1048576K
}
Event: 1.793 GC heap before
{Heap before GC invocations=4 (full 1):
 PSYoungGen      total 38400K, used 5120K [0x00000000d5e00000, 0x00000000da900000, 0x0000000100000000)
  eden space 33280K, 0% used [0x00000000d5e00000,0x00000000d5e00000,0x00000000d7e80000)
  from space 5120K, 100% used [0x00000000d7e80000,0x00000000d8380000,0x00000000d8380000)
  to   space 5120K, 0% used [0x00000000da400000,0x00000000da400000,0x00000000da900000)
 ParOldGen       total 87552K, used 9920K [0x0000000081a00000, 0x0000000086f80000, 0x00000000d5e00000)
  object space 87552K, 11% used [0x0000000081a00000,0x00000000823b0008,0x0000000086f80000)
 Metaspace       used 20915K, capacity 21182K, committed 21296K, reserved 1069056K
  class space    used 2548K, capacity 2660K, committed 2688K, reserved 1048576K
Event: 1.826 GC heap after
Heap after GC invocations=4 (full 1):
 PSYoungGen      total 38400K, used 0K [0x00000000d5e00000, 0x00000000da900000, 0x0000000100000000)
  eden space 33280K, 0% used [0x00000000d5e00000,0x00000000d5e00000,0x00000000d7e80000)
  from space 5120K, 0% used [0x00000000d7e80000,0x00000000d7e80000,0x00000000d8380000)
  to   space 5120K, 0% used [0x00000000da400000,0x00000000da400000,0x00000000da900000)
 ParOldGen       total 67072K, used 10727K [0x0000000081a00000, 0x0000000085b80000, 0x00000000d5e00000)
  object space 67072K, 15% used [0x0000000081a00000,0x0000000082479f90,0x0000000085b80000)
 Metaspace       used 20915K, capacity 21182K, committed 21296K, reserved 1069056K
  class space    used 2548K, capacity 2660K, committed 2688K, reserved 1048576K
}
Event: 2.194 GC heap before
{Heap before GC invocations=5 (full 1):
 PSYoungGen      total 38400K, used 33280K [0x00000000d5e00000, 0x00000000da900000, 0x0000000100000000)
  eden space 33280K, 100% used [0x00000000d5e00000,0x00000000d7e80000,0x00000000d7e80000)
  from space 5120K, 0% used [0x00000000d7e80000,0x00000000d7e80000,0x00000000d8380000)
  to   space 5120K, 0% used [0x00000000da400000,0x00000000da400000,0x00000000da900000)
 ParOldGen       total 67072K, used 10727K [0x0000000081a00000, 0x0000000085b80000, 0x00000000d5e00000)
  object space 67072K, 15% used [0x0000000081a00000,0x0000000082479f90,0x0000000085b80000)
 Metaspace       used 22049K, capacity 22302K, committed 22448K, reserved 1069056K
  class space    used 2698K, capacity 2772K, committed 2816K, reserved 1048576K
Event: 2.199 GC heap after
Heap after GC invocations=5 (full 1):
 PSYoungGen      total 52736K, used 2468K [0x00000000d5e00000, 0x00000000da680000, 0x0000000100000000)
  eden space 50176K, 0% used [0x00000000d5e00000,0x00000000d5e00000,0x00000000d8f00000)
  from space 2560K, 96% used [0x00000000da400000,0x00000000da669310,0x00000000da680000)
  to   space 5120K, 0% used [0x00000000d9c80000,0x00000000d9c80000,0x00000000da180000)
 ParOldGen       total 67072K, used 10735K [0x0000000081a00000, 0x0000000085b80000, 0x00000000d5e00000)
  object space 67072K, 16% used [0x0000000081a00000,0x000000008247bf90,0x0000000085b80000)
 Metaspace       used 22049K, capacity 22302K, committed 22448K, reserved 1069056K
  class space    used 2698K, capacity 2772K, committed 2816K, reserved 1048576K
}
Event: 2.850 GC heap before
{Heap before GC invocations=6 (full 1):
 PSYoungGen      total 52736K, used 52644K [0x00000000d5e00000, 0x00000000da680000, 0x0000000100000000)
  eden space 50176K, 100% used [0x00000000d5e00000,0x00000000d8f00000,0x00000000d8f00000)
  from space 2560K, 96% used [0x00000000da400000,0x00000000da669310,0x00000000da680000)
  to   space 5120K, 0% used [0x00000000d9c80000,0x00000000d9c80000,0x00000000da180000)
 ParOldGen       total 67072K, used 10735K [0x0000000081a00000, 0x0000000085b80000, 0x00000000d5e00000)
  object space 67072K, 16% used [0x0000000081a00000,0x000000008247bf90,0x0000000085b80000)
 Metaspace       used 25361K, capacity 25660K, committed 25856K, reserved 1071104K
  class space    used 3116K, capacity 3225K, committed 3328K, reserved 1048576K
Event: 2.858 GC heap after
Heap after GC invocations=6 (full 1):
 PSYoungGen      total 69120K, used 5110K [0x00000000d5e00000, 0x00000000dbe80000, 0x0000000100000000)
  eden space 64000K, 0% used [0x00000000d5e00000,0x00000000d5e00000,0x00000000d9c80000)
  from space 5120K, 99% used [0x00000000d9c80000,0x00000000da17db58,0x00000000da180000)
  to   space 12288K, 0% used [0x00000000db280000,0x00000000db280000,0x00000000dbe80000)
 ParOldGen       total 67072K, used 11328K [0x0000000081a00000, 0x0000000085b80000, 0x00000000d5e00000)
  object space 67072K, 16% used [0x0000000081a00000,0x0000000082510230,0x0000000085b80000)
 Metaspace       used 25361K, capacity 25660K, committed 25856K, reserved 1071104K
  class space    used 3116K, capacity 3225K, committed 3328K, reserved 1048576K
}
Event: 3.857 GC heap before
{Heap before GC invocations=7 (full 1):
 PSYoungGen      total 69120K, used 69110K [0x00000000d5e00000, 0x00000000dbe80000, 0x0000000100000000)
  eden space 64000K, 100% used [0x00000000d5e00000,0x00000000d9c80000,0x00000000d9c80000)
  from space 5120K, 99% used [0x00000000d9c80000,0x00000000da17db58,0x00000000da180000)
  to   space 12288K, 0% used [0x00000000db280000,0x00000000db280000,0x00000000dbe80000)
 ParOldGen       total 67072K, used 11328K [0x0000000081a00000, 0x0000000085b80000, 0x00000000d5e00000)
  object space 67072K, 16% used [0x0000000081a00000,0x0000000082510230,0x0000000085b80000)
 Metaspace       used 28844K, capacity 29170K, committed 29568K, reserved 1075200K
  class space    used 3525K, capacity 3618K, committed 3712K, reserved 1048576K
Event: 3.870 GC heap after
Heap after GC invocations=7 (full 1):
 PSYoungGen      total 85504K, used 9788K [0x00000000d5e00000, 0x00000000dd380000, 0x0000000100000000)
  eden space 73216K, 0% used [0x00000000d5e00000,0x00000000d5e00000,0x00000000da580000)
  from space 12288K, 79% used [0x00000000db280000,0x00000000dbc0f240,0x00000000dbe80000)
  to   space 13312K, 0% used [0x00000000da580000,0x00000000da580000,0x00000000db280000)
 ParOldGen       total 67072K, used 11336K [0x0000000081a00000, 0x0000000085b80000, 0x00000000d5e00000)
  object space 67072K, 16% used [0x0000000081a00000,0x0000000082512230,0x0000000085b80000)
 Metaspace       used 28844K, capacity 29170K, committed 29568K, reserved 1075200K
  class space    used 3525K, capacity 3618K, committed 3712K, reserved 1048576K
}

